  tictactoe.cpp
C:\Users\Adam\Documents\Studia\2_rok\IV_Semestr\PAMSI\Projekt3\trening\tictactoe\tictactoe\tictactoe.cpp(18,23): warning C4018: '<': signed/unsigned mismatch
C:\Users\Adam\Documents\Studia\2_rok\IV_Semestr\PAMSI\Projekt3\trening\tictactoe\tictactoe\tictactoe.cpp(20,27): warning C4018: '<': signed/unsigned mismatch
C:\Users\Adam\Documents\Studia\2_rok\IV_Semestr\PAMSI\Projekt3\trening\tictactoe\tictactoe\tictactoe.cpp(45,23): warning C4018: '<': signed/unsigned mismatch
C:\Users\Adam\Documents\Studia\2_rok\IV_Semestr\PAMSI\Projekt3\trening\tictactoe\tictactoe\tictactoe.cpp(47,27): warning C4018: '<': signed/unsigned mismatch
C:\Users\Adam\Documents\Studia\2_rok\IV_Semestr\PAMSI\Projekt3\trening\tictactoe\tictactoe\tictactoe.cpp(64,27): warning C4018: '<': signed/unsigned mismatch
C:\Users\Adam\Documents\Studia\2_rok\IV_Semestr\PAMSI\Projekt3\trening\tictactoe\tictactoe\tictactoe.cpp(67,27): warning C4018: '<': signed/unsigned mismatch
C:\Users\Adam\Documents\Studia\2_rok\IV_Semestr\PAMSI\Projekt3\trening\tictactoe\tictactoe\tictactoe.cpp(79,27): warning C4018: '<': signed/unsigned mismatch
C:\Users\Adam\Documents\Studia\2_rok\IV_Semestr\PAMSI\Projekt3\trening\tictactoe\tictactoe\tictactoe.cpp(92,27): warning C4018: '<': signed/unsigned mismatch
C:\Users\Adam\Documents\Studia\2_rok\IV_Semestr\PAMSI\Projekt3\trening\tictactoe\tictactoe\tictactoe.cpp(95,27): warning C4018: '<': signed/unsigned mismatch
C:\Users\Adam\Documents\Studia\2_rok\IV_Semestr\PAMSI\Projekt3\trening\tictactoe\tictactoe\tictactoe.cpp(107,27): warning C4018: '<': signed/unsigned mismatch
C:\Users\Adam\Documents\Studia\2_rok\IV_Semestr\PAMSI\Projekt3\trening\tictactoe\tictactoe\tictactoe.cpp(119,23): warning C4018: '<': signed/unsigned mismatch
C:\Users\Adam\Documents\Studia\2_rok\IV_Semestr\PAMSI\Projekt3\trening\tictactoe\tictactoe\tictactoe.cpp(142,23): warning C4018: '<': signed/unsigned mismatch
C:\Users\Adam\Documents\Studia\2_rok\IV_Semestr\PAMSI\Projekt3\trening\tictactoe\tictactoe\tictactoe.cpp(188,27): warning C4018: '<': signed/unsigned mismatch
C:\Users\Adam\Documents\Studia\2_rok\IV_Semestr\PAMSI\Projekt3\trening\tictactoe\tictactoe\tictactoe.cpp(190,31): warning C4018: '<': signed/unsigned mismatch
C:\Users\Adam\Documents\Studia\2_rok\IV_Semestr\PAMSI\Projekt3\trening\tictactoe\tictactoe\tictactoe.cpp(216,27): warning C4018: '<': signed/unsigned mismatch
C:\Users\Adam\Documents\Studia\2_rok\IV_Semestr\PAMSI\Projekt3\trening\tictactoe\tictactoe\tictactoe.cpp(218,31): warning C4018: '<': signed/unsigned mismatch
C:\Users\Adam\Documents\Studia\2_rok\IV_Semestr\PAMSI\Projekt3\trening\tictactoe\tictactoe\tictactoe.cpp(252,23): warning C4018: '<': signed/unsigned mismatch
C:\Users\Adam\Documents\Studia\2_rok\IV_Semestr\PAMSI\Projekt3\trening\tictactoe\tictactoe\tictactoe.cpp(254,27): warning C4018: '<': signed/unsigned mismatch
C:\Users\Adam\Documents\Studia\2_rok\IV_Semestr\PAMSI\Projekt3\trening\tictactoe\tictactoe\tictactoe.cpp(287,13): warning C4018: '<=': signed/unsigned mismatch
C:\Users\Adam\Documents\Studia\2_rok\IV_Semestr\PAMSI\Projekt3\trening\tictactoe\tictactoe\tictactoe.cpp(287,52): warning C4018: '<=': signed/unsigned mismatch
C:\Users\Adam\Documents\Studia\2_rok\IV_Semestr\PAMSI\Projekt3\trening\tictactoe\tictactoe\tictactoe.cpp(346,32): warning C4390: ';': empty controlled statement found; is this the intent?
  tictactoe.vcxproj -> C:\Users\Adam\Documents\Studia\2_rok\IV_Semestr\PAMSI\Projekt3\trening\tictactoe\Debug\tictactoe.exe
