  Game.cpp
C:\Users\Adam\Documents\Studia\2_rok\IV_Semestr\PAMSI\Projekt3\TicTacToeGame\TicTacToeGame\Game.cpp(50,35): warning C4244: 'argument': conversion from 'int' to 'float', possible loss of data
C:\Users\Adam\Documents\Studia\2_rok\IV_Semestr\PAMSI\Projekt3\TicTacToeGame\TicTacToeGame\Game.cpp(57,40): warning C4244: 'argument': conversion from 'int' to 'float', possible loss of data
C:\Users\Adam\Documents\Studia\2_rok\IV_Semestr\PAMSI\Projekt3\TicTacToeGame\TicTacToeGame\Game.cpp(64,42): warning C4244: 'argument': conversion from 'int' to 'float', possible loss of data
C:\Users\Adam\Documents\Studia\2_rok\IV_Semestr\PAMSI\Projekt3\TicTacToeGame\TicTacToeGame\Game.cpp(74,50): warning C4244: 'argument': conversion from 'int' to 'float', possible loss of data
C:\Users\Adam\Documents\Studia\2_rok\IV_Semestr\PAMSI\Projekt3\TicTacToeGame\TicTacToeGame\Game.cpp(85,50): warning C4244: 'argument': conversion from 'int' to 'float', possible loss of data
C:\Users\Adam\Documents\Studia\2_rok\IV_Semestr\PAMSI\Projekt3\TicTacToeGame\TicTacToeGame\Game.cpp(91,50): warning C4244: 'argument': conversion from 'int' to 'float', possible loss of data
C:\Users\Adam\Documents\Studia\2_rok\IV_Semestr\PAMSI\Projekt3\TicTacToeGame\TicTacToeGame\Game.cpp(109,56): warning C4244: '=': conversion from 'T' to 'float', possible loss of data
          with
          [
              T=int
          ]
C:\Users\Adam\Documents\Studia\2_rok\IV_Semestr\PAMSI\Projekt3\TicTacToeGame\TicTacToeGame\Game.cpp(110,56): warning C4244: '=': conversion from 'T' to 'float', possible loss of data
          with
          [
              T=int
          ]
C:\Users\Adam\Documents\Studia\2_rok\IV_Semestr\PAMSI\Projekt3\TicTacToeGame\TicTacToeGame\Game.cpp(129,58): warning C4244: 'argument': conversion from 'int' to 'float', possible loss of data
C:\Users\Adam\Documents\Studia\2_rok\IV_Semestr\PAMSI\Projekt3\TicTacToeGame\TicTacToeGame\Game.cpp(176,66): warning C4244: 'argument': conversion from 'int' to 'float', possible loss of data
C:\Users\Adam\Documents\Studia\2_rok\IV_Semestr\PAMSI\Projekt3\TicTacToeGame\TicTacToeGame\Game.cpp(222,69): warning C4244: 'argument': conversion from 'int' to 'float', possible loss of data
C:\Users\Adam\Documents\Studia\2_rok\IV_Semestr\PAMSI\Projekt3\TicTacToeGame\TicTacToeGame\Game.cpp(271,70): warning C4244: 'argument': conversion from 'int' to 'float', possible loss of data
C:\Users\Adam\Documents\Studia\2_rok\IV_Semestr\PAMSI\Projekt3\TicTacToeGame\TicTacToeGame\Game.cpp(319,70): warning C4244: 'argument': conversion from 'int' to 'float', possible loss of data
C:\Users\Adam\Documents\Studia\2_rok\IV_Semestr\PAMSI\Projekt3\TicTacToeGame\TicTacToeGame\Game.cpp(391,57): warning C4244: 'argument': conversion from 'int' to 'float', possible loss of data
C:\Users\Adam\Documents\Studia\2_rok\IV_Semestr\PAMSI\Projekt3\TicTacToeGame\TicTacToeGame\Game.cpp(429,64): warning C4244: 'argument': conversion from 'int' to 'float', possible loss of data
C:\Users\Adam\Documents\Studia\2_rok\IV_Semestr\PAMSI\Projekt3\TicTacToeGame\TicTacToeGame\Game.cpp(467,70): warning C4244: 'argument': conversion from 'int' to 'float', possible loss of data
C:\Users\Adam\Documents\Studia\2_rok\IV_Semestr\PAMSI\Projekt3\TicTacToeGame\TicTacToeGame\Game.cpp(505,71): warning C4244: 'argument': conversion from 'int' to 'float', possible loss of data
C:\Users\Adam\Documents\Studia\2_rok\IV_Semestr\PAMSI\Projekt3\TicTacToeGame\TicTacToeGame\Game.cpp(543,71): warning C4244: 'argument': conversion from 'int' to 'float', possible loss of data
  Generating code
  1 of 202 functions ( 0.5%) were compiled, the rest were copied from previous compilation.
    0 functions were new in current compilation
    1 functions had inline decision re-evaluated but remain unchanged
  Finished generating code
  TicTacToeGame.vcxproj -> C:\Users\Adam\Documents\Studia\2_rok\IV_Semestr\PAMSI\Projekt3\TicTacToeGame\Release\TicTacToeGame.exe
