  Main.cpp
C:\Users\Adam\Documents\Studia\2_rok\IV_Semestr\PAMSI\Projekt3\TicTacToeGame\TicTacToeGame\Board.h(6,1): error C2011: 'Board': 'class' type redefinition
C:\Users\Adam\Documents\Studia\2_rok\IV_Semestr\PAMSI\Projekt3\TicTacToeGame\TicTacToeGame\Board.h(5): message : see declaration of 'Board'
C:\Users\Adam\Documents\Studia\2_rok\IV_Semestr\PAMSI\Projekt3\TicTacToeGame\TicTacToeGame\Main.cpp(16,17): error C2027: use of undefined type 'Board'
C:\Users\Adam\Documents\Studia\2_rok\IV_Semestr\PAMSI\Projekt3\TicTacToeGame\TicTacToeGame\Board.h(5): message : see declaration of 'Board'
C:\Users\Adam\Documents\Studia\2_rok\IV_Semestr\PAMSI\Projekt3\TicTacToeGame\TicTacToeGame\Main.cpp(22,12): error C2027: use of undefined type 'Board'
C:\Users\Adam\Documents\Studia\2_rok\IV_Semestr\PAMSI\Projekt3\TicTacToeGame\TicTacToeGame\Board.h(5): message : see declaration of 'Board'
C:\Users\Adam\Documents\Studia\2_rok\IV_Semestr\PAMSI\Projekt3\TicTacToeGame\TicTacToeGame\Main.cpp(32,24): error C2027: use of undefined type 'Board'
C:\Users\Adam\Documents\Studia\2_rok\IV_Semestr\PAMSI\Projekt3\TicTacToeGame\TicTacToeGame\Board.h(5): message : see declaration of 'Board'
C:\Users\Adam\Documents\Studia\2_rok\IV_Semestr\PAMSI\Projekt3\TicTacToeGame\TicTacToeGame\Main.cpp(39,14): error C2027: use of undefined type 'Board'
C:\Users\Adam\Documents\Studia\2_rok\IV_Semestr\PAMSI\Projekt3\TicTacToeGame\TicTacToeGame\Board.h(5): message : see declaration of 'Board'
C:\Users\Adam\Documents\Studia\2_rok\IV_Semestr\PAMSI\Projekt3\TicTacToeGame\TicTacToeGame\Main.cpp(44,12): error C2027: use of undefined type 'Board'
C:\Users\Adam\Documents\Studia\2_rok\IV_Semestr\PAMSI\Projekt3\TicTacToeGame\TicTacToeGame\Board.h(5): message : see declaration of 'Board'
C:\Users\Adam\Documents\Studia\2_rok\IV_Semestr\PAMSI\Projekt3\TicTacToeGame\TicTacToeGame\Main.cpp(50,14): error C2027: use of undefined type 'Board'
C:\Users\Adam\Documents\Studia\2_rok\IV_Semestr\PAMSI\Projekt3\TicTacToeGame\TicTacToeGame\Board.h(5): message : see declaration of 'Board'
C:\Users\Adam\Documents\Studia\2_rok\IV_Semestr\PAMSI\Projekt3\TicTacToeGame\TicTacToeGame\Main.cpp(53,24): error C2027: use of undefined type 'Board'
C:\Users\Adam\Documents\Studia\2_rok\IV_Semestr\PAMSI\Projekt3\TicTacToeGame\TicTacToeGame\Board.h(5): message : see declaration of 'Board'
C:\Users\Adam\Documents\Studia\2_rok\IV_Semestr\PAMSI\Projekt3\TicTacToeGame\TicTacToeGame\Main.cpp(70,11): error C2079: 'board' uses undefined class 'Board'
C:\Users\Adam\Documents\Studia\2_rok\IV_Semestr\PAMSI\Projekt3\TicTacToeGame\TicTacToeGame\Main.cpp(71,15): error C2664: 'void game(Board &)': cannot convert argument 1 from 'int' to 'Board &'
C:\Users\Adam\Documents\Studia\2_rok\IV_Semestr\PAMSI\Projekt3\TicTacToeGame\TicTacToeGame\Main.cpp(8,6): message : see declaration of 'game'
  Player.cpp
C:\Users\Adam\Documents\Studia\2_rok\IV_Semestr\PAMSI\Projekt3\TicTacToeGame\TicTacToeGame\Player.cpp(16,29): error C2660: 'Player::playerMove': function does not take 1 arguments
C:\Users\Adam\Documents\Studia\2_rok\IV_Semestr\PAMSI\Projekt3\TicTacToeGame\TicTacToeGame\Player.cpp(4,14): message : see declaration of 'Player::playerMove'
C:\Users\Adam\Documents\Studia\2_rok\IV_Semestr\PAMSI\Projekt3\TicTacToeGame\TicTacToeGame\Player.cpp(22,25): error C2660: 'Player::playerMove': function does not take 1 arguments
C:\Users\Adam\Documents\Studia\2_rok\IV_Semestr\PAMSI\Projekt3\TicTacToeGame\TicTacToeGame\Player.cpp(4,14): message : see declaration of 'Player::playerMove'
  Generating Code...
